
SQL*Loader: Release 11.2.0.2.0 - Production on Thu May 11 02:09:02 2023

Copyright (c) 1982, 2009, Oracle and/or its affiliates.  All rights reserved.

Control File:   ctl_files/achievements.ctl
Data File:      csv_files/achievements.csv
  Bad File:     ctl_files/achievements.bad
  Discard File:  none specified
 
 (Allow all discards)

Number to load: ALL
Number to skip: 0
Errors allowed: 50
Bind array:     64 rows, maximum of 256000 bytes
Continuation:    none specified
Path used:      Conventional

Table ACHIEVEMENTS, loaded from every logical record.
Insert option in effect for this table: INSERT

   Column Name                  Position   Len  Term Encl Datatype
------------------------------ ---------- ----- ---- ---- ---------------------
USER_ID_FK                          FIRST     *   ,  O(") CHARACTER            
ACH1                                 NEXT     *   ,  O(") CHARACTER            
ACH2                                 NEXT     *   ,  O(") CHARACTER            
ACH3                                 NEXT     *   ,  O(") CHARACTER            
ACH4                                 NEXT     *   ,  O(") CHARACTER            
ACH5                                 NEXT     *   ,  O(") CHARACTER            


Table ACHIEVEMENTS:
  100 Rows successfully loaded.
  0 Rows not loaded due to data errors.
  0 Rows not loaded because all WHEN clauses were failed.
  0 Rows not loaded because all fields were null.


Space allocated for bind array:                  99072 bytes(64 rows)
Read   buffer bytes: 1048576

Total logical records skipped:          0
Total logical records read:           100
Total logical records rejected:         0
Total logical records discarded:        0

Run began on Thu May 11 02:09:02 2023
Run ended on Thu May 11 02:09:02 2023

Elapsed time was:     00:00:00.03
CPU time was:         00:00:00.00
