
SQL*Loader: Release 11.2.0.2.0 - Production on Thu May 4 10:41:03 2023

Copyright (c) 1982, 2009, Oracle and/or its affiliates.  All rights reserved.

Control File:   ctl_files/exercises.ctl
Data File:      csv_files/megaGymDataset.csv
  Bad File:     ctl_files/megaGymDataset.bad
  Discard File:  none specified
 
 (Allow all discards)

Number to load: ALL
Number to skip: 0
Errors allowed: 50
Bind array:     64 rows, maximum of 256000 bytes
Continuation:    none specified
Path used:      Conventional

Table EXERCISES, loaded from every logical record.
Insert option in effect for this table: INSERT

   Column Name                  Position   Len  Term Encl Datatype
------------------------------ ---------- ----- ---- ---- ---------------------
ID                                  FIRST     *   ,  O(") CHARACTER            
TITLE                                NEXT     *   ,  O(") CHARACTER            
EXTYPE                               NEXT     *   ,  O(") CHARACTER            
BODYPART                             NEXT     *   ,  O(") CHARACTER            
EQUIPMENT                            NEXT     *   ,  O(") CHARACTER            
EXLEVEL                              NEXT     *   ,  O(") CHARACTER            


Table EXERCISES:
  2918 Rows successfully loaded.
  0 Rows not loaded due to data errors.
  0 Rows not loaded because all WHEN clauses were failed.
  0 Rows not loaded because all fields were null.


Space allocated for bind array:                  99072 bytes(64 rows)
Read   buffer bytes: 1048576

Total logical records skipped:          0
Total logical records read:          2918
Total logical records rejected:         0
Total logical records discarded:        0

Run began on Thu May 04 10:41:03 2023
Run ended on Thu May 04 10:41:03 2023

Elapsed time was:     00:00:00.14
CPU time was:         00:00:00.01
