
SQL*Loader: Release 11.2.0.2.0 - Production on Sat Apr 29 06:18:49 2023

Copyright (c) 1982, 2009, Oracle and/or its affiliates.  All rights reserved.

Control File:   ctl_files/plans.ctl
Data File:      csv_files/plans.csv
  Bad File:     ctl_files/plans.bad
  Discard File:  none specified
 
 (Allow all discards)

Number to load: ALL
Number to skip: 0
Errors allowed: 50
Bind array:     64 rows, maximum of 256000 bytes
Continuation:    none specified
Path used:      Conventional

Table PLANS, loaded from every logical record.
Insert option in effect for this table: INSERT

   Column Name                  Position   Len  Term Encl Datatype
------------------------------ ---------- ----- ---- ---- ---------------------
PLAN_ID                             FIRST     *   ,  O(") CHARACTER            
USER_ID_FK                           NEXT     *   ,  O(") CHARACTER            
R1DAY                                NEXT     *   ,  O(") CHARACTER            
R1NIGHT                              NEXT     *   ,  O(") CHARACTER            
R2DAY                                NEXT     *   ,  O(") CHARACTER            
R2NIGHT                              NEXT     *   ,  O(") CHARACTER            
R3DAY                                NEXT     *   ,  O(") CHARACTER            
R3NIGHT                              NEXT     *   ,  O(") CHARACTER            
R4DAY                                NEXT     *   ,  O(") CHARACTER            
R4NIGHT                              NEXT     *   ,  O(") CHARACTER            
R5DAY                                NEXT     *   ,  O(") CHARACTER            
R5NIGHT                              NEXT     *   ,  O(") CHARACTER            
R6DAY                                NEXT     *   ,  O(") CHARACTER            
R6NIGHT                              NEXT     *   ,  O(") CHARACTER            
R7DAY                                NEXT     *   ,  O(") CHARACTER            
R7NIGHT                              NEXT     *   ,  O(") CHARACTER            

value used for ROWS parameter changed from 64 to 62

Table PLANS:
  1 Row successfully loaded.
  0 Rows not loaded due to data errors.
  0 Rows not loaded because all WHEN clauses were failed.
  0 Rows not loaded because all fields were null.


Space allocated for bind array:                 255936 bytes(62 rows)
Read   buffer bytes: 1048576

Total logical records skipped:          0
Total logical records read:             1
Total logical records rejected:         0
Total logical records discarded:        0

Run began on Sat Apr 29 06:18:49 2023
Run ended on Sat Apr 29 06:18:49 2023

Elapsed time was:     00:00:00.03
CPU time was:         00:00:00.00
