
SQL*Loader: Release 11.2.0.2.0 - Production on Thu May 11 02:09:01 2023

Copyright (c) 1982, 2009, Oracle and/or its affiliates.  All rights reserved.

Control File:   ctl_files/users.ctl
Data File:      csv_files/users.csv
  Bad File:     ctl_files/users.bad
  Discard File:  none specified
 
 (Allow all discards)

Number to load: ALL
Number to skip: 0
Errors allowed: 50
Bind array:     64 rows, maximum of 256000 bytes
Continuation:    none specified
Path used:      Conventional

Table USERS, loaded from every logical record.
Insert option in effect for this table: INSERT

   Column Name                  Position   Len  Term Encl Datatype
------------------------------ ---------- ----- ---- ---- ---------------------
USER_ID_PK                          FIRST     *   ,  O(") CHARACTER            
USERNAME                             NEXT     *   ,  O(") CHARACTER            
FIRST_NAME                           NEXT     *   ,  O(") CHARACTER            
LAST_NAME                            NEXT     *   ,  O(") CHARACTER            
AGE                                  NEXT     *   ,  O(") CHARACTER            
DATE_JOINED                          NEXT     *   ,  O(") DATE MM/DD/YYYY      
DOB                                  NEXT     *   ,  O(") DATE MM/DD/YYYY      
USER_UI_THEME                        NEXT     *   ,  O(") CHARACTER            
USER_IS_GUEST                        NEXT     *   ,  O(") CHARACTER            
EMAIL                                NEXT     *   ,  O(") CHARACTER            
PROFILEPIC                           NEXT     *   ,  O(") CHARACTER            
BIO                                  NEXT     *   ,  O(") CHARACTER            
SEX                                  NEXT     *   ,  O(") CHARACTER            


Table USERS:
  100 Rows successfully loaded.
  0 Rows not loaded due to data errors.
  0 Rows not loaded because all WHEN clauses were failed.
  0 Rows not loaded because all fields were null.


Space allocated for bind array:                 214656 bytes(64 rows)
Read   buffer bytes: 1048576

Total logical records skipped:          0
Total logical records read:           100
Total logical records rejected:         0
Total logical records discarded:        0

Run began on Thu May 11 02:09:01 2023
Run ended on Thu May 11 02:09:01 2023

Elapsed time was:     00:00:00.04
CPU time was:         00:00:00.01
